[2025-02-20T08:48:15.278Z] GET /articles/%0A
[2025-02-20T08:50:57.318Z] GET /articles/data%0A
[2025-02-20T08:52:23.960Z] GET /articles/%0A
[2025-02-20T08:52:51.098Z] GET /articles/%0A
[2025-02-20T08:54:46.903Z] GET /articles/1%0A
[2025-02-20T08:55:59.338Z] GET /articles/1%0A
[2025-02-20T08:56:39.880Z] GET /articles/1%0A
[2025-02-20T08:56:44.109Z] GET /articles/%0A
[2025-02-20T09:00:40.615Z] GET /articles/%0A
[2025-02-20T09:00:57.725Z] GET /articles/1%0A
[2025-02-20T09:10:44.274Z] GET /articles/%0A
[2025-02-20T09:10:51.725Z] GET /articles/1%0A
[2025-02-20T10:04:14.756Z] GET /articles/2%0A
[2025-02-20T10:04:18.337Z] GET /articles/%0A
[2025-02-20T10:05:26.612Z] GET /articles%0A
[2025-02-20T12:45:34.728Z] POST /articles/%0A
[2025-02-20T12:46:45.804Z] POST /articles%0A
[2025-02-20T12:47:10.148Z] GET /articles%0A
[2025-02-20T12:48:02.069Z] GET /articles
[2025-02-20T12:48:02.132Z] GET /favicon.ico
[2025-02-20T12:48:12.530Z] GET /articles
[2025-02-20T12:48:41.906Z] POST /articles%0A
[2025-02-20T12:52:02.694Z] DELETE /articles/6%0A
[2025-02-20T12:52:13.645Z] DELETE /articles/6%0A
[2025-02-20T12:53:56.920Z] DELETE /articles/6%0A
[2025-02-20T14:37:03.476Z] DELETE /articles/%0A
[2025-02-20T14:37:07.035Z] DELETE /articles%0A
[2025-02-20T14:37:14.748Z] GET /articles%0A
[2025-02-20T14:38:00.136Z] GET /articles%0A
[2025-02-27T07:52:10.113Z] GET /articles%0A
[2025-02-27T07:52:37.796Z] GET /users%0A
[2025-02-27T08:13:52.996Z] GET /articles%0A
[2025-02-27T08:18:31.670Z] GET /articles%0A
[2025-02-27T08:20:04.402Z] GET /articles%0A
[2025-02-27T08:20:11.607Z] POST /articles%0A
[2025-02-27T08:20:17.841Z] GET /articles%0A
[2025-02-27T08:21:17.331Z] POST /articles%0A
[2025-02-27T08:21:42.740Z] GET /articles%0A
[2025-02-27T08:23:42.791Z] GET /articles%0A
[2025-02-27T08:25:18.215Z] GET /users/2/articles%0A
[2025-02-27T08:25:29.680Z] GET /users/2%0A
[2025-02-27T08:25:37.799Z] GET /users/1%0A
[2025-02-27T08:25:58.648Z] GET /users%0A
[2025-02-27T08:26:36.206Z] POST /users%0A
[2025-02-27T08:27:48.805Z] POST /users%0A
[2025-02-27T08:28:48.294Z] POST /users%0A
[2025-02-27T08:30:04.132Z] POST /users%0A
[2025-02-27T08:33:27.404Z] GET /users%0A
[2025-02-27T08:33:36.942Z] POST /users%0A
[2025-02-27T08:34:17.181Z] GET /users/1/articles%0A
[2025-02-27T08:34:32.037Z] GET /users/2/articles%0A
[2025-02-27T08:34:42.928Z] GET /users/2%0A
[2025-02-27T08:35:06.258Z] DELETE /users/4%0A
[2025-02-27T08:36:29.046Z] GET /users/2%0A
[2025-02-27T08:37:32.298Z] GET /users/2%0A
[2025-02-27T08:37:48.084Z] GET /users/articles%0A
[2025-02-27T08:38:13.634Z] GET /users/2/articles%0A
[2025-02-27T08:48:35.489Z] GET /users/2/articles%0A
[2025-02-27T08:49:28.741Z] GET /articles%0A
[2025-02-27T08:51:42.038Z] GET /users/2/articles%0A
[2025-02-27T08:51:53.948Z] GET /users/1/articles%0A
[2025-02-27T08:52:50.046Z] GET /users/1/articles%0A
[2025-02-27T08:54:02.561Z] GET /users/1/articles%0A
[2025-02-27T08:54:36.249Z] GET /articles/3%0A
[2025-02-27T08:54:40.628Z] GET /articles/2%0A
[2025-02-27T08:54:46.212Z] GET /articles/1%0A
[2025-02-27T08:55:26.647Z] GET /articles/1%0A
[2025-02-27T08:55:45.267Z] GET /users/1/articles%0A
[2025-02-27T08:56:02.636Z] GET /users/1/articles%0A
[2025-02-27T08:57:40.648Z] GET /users/1%0A
[2025-02-27T08:57:50.310Z] GET /users/1/articles%0A
[2025-02-27T09:00:57.754Z] GET /users/1/articles
[2025-02-27T09:01:35.656Z] GET /users/1/articles
[2025-02-27T09:04:08.009Z] PUT /users/1/
[2025-02-27T09:05:07.816Z] DELETE /users/1/
[2025-02-27T09:07:49.197Z] POST /users/1/
[2025-02-27T09:07:59.644Z] POST /articles
[2025-02-27T09:08:04.903Z] POST /articles
[2025-02-28T11:01:01.155Z] POST /articles
[2025-02-28T11:01:59.466Z] GET /articles
[2025-02-28T11:02:31.224Z] GET /articles
[2025-02-28T11:03:13.050Z] POST /articles
[2025-02-28T11:03:19.179Z] POST /
[2025-02-28T11:03:24.125Z] POST /articles
[2025-02-28T11:03:27.360Z] POST /articles
[2025-02-28T11:03:50.744Z] GET /articles
[2025-02-28T11:04:51.538Z] POST /articles
[2025-02-28T11:05:51.663Z] DELETE /articles/11
[2025-02-28T11:06:10.465Z] DELETE /articles/10
[2025-02-28T12:09:42.112Z] POST /users
[2025-02-28T12:10:11.525Z] POST /articles
[2025-02-28T13:33:51.583Z] GET /articles
[2025-02-28T13:33:58.935Z] GET /users
[2025-02-28T13:39:06.464Z] GET /users
[2025-02-28T13:39:33.526Z] GET /users
[2025-02-28T13:40:25.542Z] GET /users/1/articles
[2025-02-28T13:41:44.631Z] GET /users/1/articles
[2025-02-28T13:41:51.746Z] GET /users/2/articles
